Traceback (most recent call last):
  File "/home/yacacerest01/paralela/knn-parallel-comparision/data_gen.py", line 92, in <module>
    main()
  File "/home/yacacerest01/paralela/knn-parallel-comparision/data_gen.py", line 65, in main
    assert args.d < args.n, "d must be < n"
AssertionError: d must be < n
[23:52:28] data_gen failed N=1000 D=1000 K=1
Traceback (most recent call last):
  File "/home/yacacerest01/paralela/knn-parallel-comparision/data_gen.py", line 92, in <module>
    main()
  File "/home/yacacerest01/paralela/knn-parallel-comparision/data_gen.py", line 65, in main
    assert args.d < args.n, "d must be < n"
AssertionError: d must be < n
[23:52:30] data_gen failed N=1000 D=1000 K=3
Traceback (most recent call last):
  File "/home/yacacerest01/paralela/knn-parallel-comparision/data_gen.py", line 92, in <module>
    main()
  File "/home/yacacerest01/paralela/knn-parallel-comparision/data_gen.py", line 65, in main
    assert args.d < args.n, "d must be < n"
AssertionError: d must be < n
[23:52:32] data_gen failed N=1000 D=1000 K=5
Traceback (most recent call last):
  File "/home/yacacerest01/paralela/knn-parallel-comparision/data_gen.py", line 92, in <module>
    main()
  File "/home/yacacerest01/paralela/knn-parallel-comparision/data_gen.py", line 65, in main
    assert args.d < args.n, "d must be < n"
AssertionError: d must be < n
[23:52:33] data_gen failed N=1000 D=1000 K=10
